<?xml version="1.0" encoding="UTF-8"?>
<!-- Generated by org.testng.reporters.JUnitReportReporter -->
<testsuite skipped="0" hostname="DESKTOP-UHOI75L" name="com.leafBot.testcases.TC001_LoginLogout" tests="2" failures="0" timestamp="08 Sep 2019 11:07:57 GMT" time="15.219" errors="0">
  <testcase name="runTC001" time="7.913" classname="com.leafBot.testcases.TC001_LoginLogout"/>
  <testcase name="runTC001" time="7.306" classname="com.leafBot.testcases.TC001_LoginLogout"/>
</testsuite> <!-- com.leafBot.testcases.TC001_LoginLogout -->
